Rendering to 1024x1024 image
Loaded scene with 1000000 circles
Loaded scene with 1000000 circles
---------------------------------------------------------
Initializing CUDA for CudaRenderer
Found 1 CUDA devices
Device 0: NVIDIA T4G
   SMs:        40
   Global mem: 14918 MB
   CUDA Cap:   7.5
---------------------------------------------------------

Running benchmark, 1 frames, beginning at frame 0 ...
Dumping frames to logs/output_xxx.ppm
number of circles is 1000000getCirclesInTile: 56 ms
shade_per_pixel kernel: 124 ms
Copying image data from device
Wrote image file logs/output_0000.ppm
Copying image data from device
***************** Correctness check passed **************************
Clear:    0.1518 ms
Advance:  0.0021 ms
Render:   183.8969 ms
Total:    184.0508 ms
File IO:  88.3719 ms

Overall:  4.6833 sec (note units are seconds)
