Rendering to 1024x1024 image
Loaded scene with 2000000 circles
Loaded scene with 2000000 circles
---------------------------------------------------------
Initializing CUDA for CudaRenderer
Found 1 CUDA devices
Device 0: NVIDIA T4G
   SMs:        40
   Global mem: 14918 MB
   CUDA Cap:   7.5
---------------------------------------------------------

Running benchmark, 1 frames, beginning at frame 0 ...
Dumping frames to logs/output_xxx.ppm
number of circles is 2000000getCirclesInTile: 110 ms
shade_per_pixel kernel: 144 ms
Copying image data from device
Wrote image file logs/output_0000.ppm
Copying image data from device
***************** Correctness check passed **************************
Clear:    0.1481 ms
Advance:  0.0022 ms
Render:   258.9022 ms
Total:    259.0524 ms
File IO:  88.6430 ms

Overall:  0.6821 sec (note units are seconds)
