Rendering to 1024x1024 image
Loaded scene with 10000 circles
Loaded scene with 10000 circles
---------------------------------------------------------
Initializing CUDA for CudaRenderer
Found 1 CUDA devices
Device 0: NVIDIA T4G
   SMs:        40
   Global mem: 14918 MB
   CUDA Cap:   7.5
---------------------------------------------------------

Running benchmark, 1 frames, beginning at frame 0 ...
Dumping frames to logs/output_xxx.ppm
number of circles is 10000getCirclesInTile: 1 ms
shade_per_pixel kernel: 17 ms
Copying image data from device
Wrote image file logs/output_0000.ppm
Copying image data from device
***************** Correctness check passed **************************
Clear:    0.1581 ms
Advance:  0.0020 ms
Render:   19.0989 ms
Total:    19.2591 ms
File IO:  88.4123 ms

Overall:  9.1664 sec (note units are seconds)
